mobile-app/app/build/intermediates/manifest_merge_blame_file/debug/processDebugMainManifest/manifest-merger-blame-debug-report.txt
1<?xml version="1.0" encoding="utf-8"?>
2<manifest xmlns:android="http://schemas.android.com/apk/res/android"
3    package="com.remindmeplus.app"
4    android:versionCode="1"
5    android:versionName="1.0" >
6
7    <uses-sdk
8        android:minSdkVersion="21"
9        android:targetSdkVersion="34" />
10
11    <uses-permission android:name="android.permission.VIBRATE" />
11-->src/main/AndroidManifest.xml:6:5-66
11-->src/main/AndroidManifest.xml:6:22-63
12    <uses-permission android:name="android.permission.WAKE_LOCK" />
12-->src/main/AndroidManifest.xml:7:5-68
12-->src/main/AndroidManifest.xml:7:22-65
13    <uses-permission android:name="android.permission.RECEIVE_BOOT_COMPLETED" />
13-->src/main/AndroidManifest.xml:8:5-81
13-->src/main/AndroidManifest.xml:8:22-78
14
15    <permission
15-->[androidx.core:core:1.13.0] AndroidManifest.xml:22:5-24:47
16        android:name="com.remindmeplus.app.DYNAMIC_RECEIVER_NOT_EXPORTED_PERMISSION"
16-->[androidx.core:core:1.13.0] AndroidManifest.xml:23:9-81
17        android:protectionLevel="signature" />
17-->[androidx.core:core:1.13.0] AndroidManifest.xml:24:9-44
18
19    <uses-permission android:name="com.remindmeplus.app.DYNAMIC_RECEIVER_NOT_EXPORTED_PERMISSION" />
19-->[androidx.core:core:1.13.0] AndroidManifest.xml:26:5-97
19-->[androidx.core:core:1.13.0] AndroidManifest.xml:26:22-94
20
21    <application
21-->src/main/AndroidManifest.xml:10:5-101:19
22        android:allowBackup="true"
22-->src/main/AndroidManifest.xml:11:9-35
23        android:appComponentFactory="androidx.core.app.CoreComponentFactory"
23-->[androidx.core:core:1.13.0] AndroidManifest.xml:28:18-86
24        android:debuggable="true"
25        android:extractNativeLibs="true"
26        android:icon="@mipmap/ic_launcher"
26-->src/main/AndroidManifest.xml:12:9-43
27        android:label="@string/app_name"
27-->src/main/AndroidManifest.xml:13:9-41
28        android:testOnly="true"
29        android:theme="@style/AppTheme" >
29-->src/main/AndroidManifest.xml:14:9-40
30        <activity
30-->src/main/AndroidManifest.xml:17:9-25:20
31            android:name="com.remindmeplus.app.SplashActivity"
31-->src/main/AndroidManifest.xml:18:13-43
32            android:exported="true"
32-->src/main/AndroidManifest.xml:19:13-36
33            android:theme="@style/SplashTheme" >
33-->src/main/AndroidManifest.xml:20:13-47
34            <intent-filter>
34-->src/main/AndroidManifest.xml:21:13-24:29
35                <action android:name="android.intent.action.MAIN" />
35-->src/main/AndroidManifest.xml:22:17-69
35-->src/main/AndroidManifest.xml:22:25-66
36
37                <category android:name="android.intent.category.LAUNCHER" />
37-->src/main/AndroidManifest.xml:23:17-77
37-->src/main/AndroidManifest.xml:23:27-74
38            </intent-filter>
39        </activity>
40        <activity
40-->src/main/AndroidManifest.xml:27:9-30:59
41            android:name="com.remindmeplus.app.HomeScreenActivity"
41-->src/main/AndroidManifest.xml:28:13-47
42            android:exported="false"
42-->src/main/AndroidManifest.xml:29:13-37
43            android:theme="@style/AppTheme.NoActionBar" />
43-->src/main/AndroidManifest.xml:30:13-56
44        <activity
44-->src/main/AndroidManifest.xml:32:9-36:59
45            android:name="com.remindmeplus.app.GestionarRecordatoriosActivity"
45-->src/main/AndroidManifest.xml:33:13-59
46            android:exported="false"
46-->src/main/AndroidManifest.xml:34:13-37
47            android:parentActivityName="com.remindmeplus.app.HomeScreenActivity"
47-->src/main/AndroidManifest.xml:35:13-61
48            android:theme="@style/AppTheme.NoActionBar" />
48-->src/main/AndroidManifest.xml:36:13-56
49        <activity
49-->src/main/AndroidManifest.xml:38:9-42:59
50            android:name="com.remindmeplus.app.NuevoRecordatorioActivity"
50-->src/main/AndroidManifest.xml:39:13-54
51            android:exported="false"
51-->src/main/AndroidManifest.xml:40:13-37
52            android:parentActivityName="com.remindmeplus.app.GestionarRecordatoriosActivity"
52-->src/main/AndroidManifest.xml:41:13-73
53            android:theme="@style/AppTheme.NoActionBar" />
53-->src/main/AndroidManifest.xml:42:13-56
54        <activity
54-->src/main/AndroidManifest.xml:44:9-48:59
55            android:name="com.remindmeplus.app.RecordatorioCreadoExitosamenteActivity"
55-->src/main/AndroidManifest.xml:45:13-67
56            android:exported="false"
56-->src/main/AndroidManifest.xml:46:13-37
57            android:parentActivityName="com.remindmeplus.app.GestionarRecordatoriosActivity"
57-->src/main/AndroidManifest.xml:47:13-73
58            android:theme="@style/AppTheme.NoActionBar" />
58-->src/main/AndroidManifest.xml:48:13-56
59        <activity
59-->src/main/AndroidManifest.xml:50:9-54:59
60            android:name="com.remindmeplus.app.RecordatorioEliminadoExitosamenteActivity"
60-->src/main/AndroidManifest.xml:51:13-70
61            android:exported="false"
61-->src/main/AndroidManifest.xml:52:13-37
62            android:parentActivityName="com.remindmeplus.app.GestionarRecordatoriosActivity"
62-->src/main/AndroidManifest.xml:53:13-73
63            android:theme="@style/AppTheme.NoActionBar" />
63-->src/main/AndroidManifest.xml:54:13-56
64        <activity
64-->src/main/AndroidManifest.xml:56:9-60:59
65            android:name="com.remindmeplus.app.GestionarCategoriasActivity"
65-->src/main/AndroidManifest.xml:57:13-56
66            android:exported="false"
66-->src/main/AndroidManifest.xml:58:13-37
67            android:parentActivityName="com.remindmeplus.app.HomeScreenActivity"
67-->src/main/AndroidManifest.xml:59:13-61
68            android:theme="@style/AppTheme.NoActionBar" />
68-->src/main/AndroidManifest.xml:60:13-56
69        <activity
69-->src/main/AndroidManifest.xml:62:9-65:73
70            android:name="com.remindmeplus.app.NuevaCategoriaActivity"
70-->src/main/AndroidManifest.xml:63:13-51
71            android:exported="false"
71-->src/main/AndroidManifest.xml:64:13-37
72            android:parentActivityName="com.remindmeplus.app.GestionarCategoriasActivity" />
72-->src/main/AndroidManifest.xml:65:13-70
73        <activity
73-->src/main/AndroidManifest.xml:67:9-71:59
74            android:name="com.remindmeplus.app.CategoriaCreadaExitosamenteActivity"
74-->src/main/AndroidManifest.xml:68:13-64
75            android:exported="false"
75-->src/main/AndroidManifest.xml:69:13-37
76            android:parentActivityName="com.remindmeplus.app.GestionarCategoriasActivity"
76-->src/main/AndroidManifest.xml:70:13-70
77            android:theme="@style/AppTheme.NoActionBar" />
77-->src/main/AndroidManifest.xml:71:13-56
78        <activity
78-->src/main/AndroidManifest.xml:73:9-77:59
79            android:name="com.remindmeplus.app.CategoriaEliminadaExitosamenteActivity"
79-->src/main/AndroidManifest.xml:74:13-67
80            android:exported="false"
80-->src/main/AndroidManifest.xml:75:13-37
81            android:parentActivityName="com.remindmeplus.app.GestionarCategoriasActivity"
81-->src/main/AndroidManifest.xml:76:13-70
82            android:theme="@style/AppTheme.NoActionBar" />
82-->src/main/AndroidManifest.xml:77:13-56
83        <activity
83-->src/main/AndroidManifest.xml:79:17-83:58
84            android:name="com.remindmeplus.app.AlarmaDesafioMatematicoActivity"
84-->src/main/AndroidManifest.xml:80:13-60
85            android:exported="false"
85-->src/main/AndroidManifest.xml:81:13-37
86            android:parentActivityName="com.remindmeplus.app.HomeScreenActivity"
86-->src/main/AndroidManifest.xml:82:13-61
87            android:theme="@style/AppTheme.FullScreen" />
87-->src/main/AndroidManifest.xml:83:13-55
88        <activity
88-->src/main/AndroidManifest.xml:85:9-88:64
89            android:name="com.remindmeplus.app.ConfiguracionActivity"
89-->src/main/AndroidManifest.xml:86:13-50
90            android:exported="false"
90-->src/main/AndroidManifest.xml:87:13-37
91            android:parentActivityName="com.remindmeplus.app.HomeScreenActivity" />
91-->src/main/AndroidManifest.xml:88:13-61
92        <activity
92-->src/main/AndroidManifest.xml:90:9-94:64
93            android:name="com.remindmeplus.app.EstadisticasActivity"
93-->src/main/AndroidManifest.xml:91:13-49
94            android:exported="false"
94-->src/main/AndroidManifest.xml:92:13-37
95            android:parentActivityName="com.remindmeplus.app.HomeScreenActivity"
95-->src/main/AndroidManifest.xml:94:13-61
96            android:theme="@style/Theme.AppCompat.Light.NoActionBar" />
96-->src/main/AndroidManifest.xml:93:13-69
97        <activity
97-->src/main/AndroidManifest.xml:96:9-99:64
98            android:name="com.remindmeplus.app.AyudaActivity"
98-->src/main/AndroidManifest.xml:97:13-42
99            android:exported="false"
99-->src/main/AndroidManifest.xml:98:13-37
100            android:parentActivityName="com.remindmeplus.app.HomeScreenActivity" />
100-->src/main/AndroidManifest.xml:99:13-61
101
102        <provider
102-->[androidx.emoji2:emoji2:1.3.0] AndroidManifest.xml:24:9-32:20
103            android:name="androidx.startup.InitializationProvider"
103-->[androidx.emoji2:emoji2:1.3.0] AndroidManifest.xml:25:13-67
104            android:authorities="com.remindmeplus.app.androidx-startup"
104-->[androidx.emoji2:emoji2:1.3.0] AndroidManifest.xml:26:13-68
105            android:exported="false" >
105-->[androidx.emoji2:emoji2:1.3.0] AndroidManifest.xml:27:13-37
106            <meta-data
106-->[androidx.emoji2:emoji2:1.3.0] AndroidManifest.xml:29:13-31:52
107                android:name="androidx.emoji2.text.EmojiCompatInitializer"
107-->[androidx.emoji2:emoji2:1.3.0] AndroidManifest.xml:30:17-75
108                android:value="androidx.startup" />
108-->[androidx.emoji2:emoji2:1.3.0] AndroidManifest.xml:31:17-49
109            <meta-data
109-->[androidx.lifecycle:lifecycle-process:2.6.2] AndroidManifest.xml:29:13-31:52
110                android:name="androidx.lifecycle.ProcessLifecycleInitializer"
110-->[androidx.lifecycle:lifecycle-process:2.6.2] AndroidManifest.xml:30:17-78
111                android:value="androidx.startup" />
111-->[androidx.lifecycle:lifecycle-process:2.6.2] AndroidManifest.xml:31:17-49
112            <meta-data
112-->[androidx.profileinstaller:profileinstaller:1.3.1] AndroidManifest.xml:29:13-31:52
113                android:name="androidx.profileinstaller.ProfileInstallerInitializer"
113-->[androidx.profileinstaller:profileinstaller:1.3.1] AndroidManifest.xml:30:17-85
114                android:value="androidx.startup" />
114-->[androidx.profileinstaller:profileinstaller:1.3.1] AndroidManifest.xml:31:17-49
115        </provider>
116
117        <receiver
117-->[androidx.profileinstaller:profileinstaller:1.3.1] AndroidManifest.xml:34:9-52:20
118            android:name="androidx.profileinstaller.ProfileInstallReceiver"
118-->[androidx.profileinstaller:profileinstaller:1.3.1] AndroidManifest.xml:35:13-76
119            android:directBootAware="false"
119-->[androidx.profileinstaller:profileinstaller:1.3.1] AndroidManifest.xml:36:13-44
120            android:enabled="true"
120-->[androidx.profileinstaller:profileinstaller:1.3.1] AndroidManifest.xml:37:13-35
121            android:exported="true"
121-->[androidx.profileinstaller:profileinstaller:1.3.1] AndroidManifest.xml:38:13-36
122            android:permission="android.permission.DUMP" >
122-->[androidx.profileinstaller:profileinstaller:1.3.1] AndroidManifest.xml:39:13-57
123            <intent-filter>
123-->[androidx.profileinstaller:profileinstaller:1.3.1] AndroidManifest.xml:40:13-42:29
124                <action android:name="androidx.profileinstaller.action.INSTALL_PROFILE" />
124-->[androidx.profileinstaller:profileinstaller:1.3.1] AndroidManifest.xml:41:17-91
124-->[androidx.profileinstaller:profileinstaller:1.3.1] AndroidManifest.xml:41:25-88
125            </intent-filter>
126            <intent-filter>
126-->[androidx.profileinstaller:profileinstaller:1.3.1] AndroidManifest.xml:43:13-45:29
127                <action android:name="androidx.profileinstaller.action.SKIP_FILE" />
127-->[androidx.profileinstaller:profileinstaller:1.3.1] AndroidManifest.xml:44:17-85
127-->[androidx.profileinstaller:profileinstaller:1.3.1] AndroidManifest.xml:44:25-82
128            </intent-filter>
129            <intent-filter>
129-->[androidx.profileinstaller:profileinstaller:1.3.1] AndroidManifest.xml:46:13-48:29
130                <action android:name="androidx.profileinstaller.action.SAVE_PROFILE" />
130-->[androidx.profileinstaller:profileinstaller:1.3.1] AndroidManifest.xml:47:17-88
130-->[androidx.profileinstaller:profileinstaller:1.3.1] AndroidManifest.xml:47:25-85
131            </intent-filter>
132            <intent-filter>
132-->[androidx.profileinstaller:profileinstaller:1.3.1] AndroidManifest.xml:49:13-51:29
133                <action android:name="androidx.profileinstaller.action.BENCHMARK_OPERATION" />
133-->[androidx.profileinstaller:profileinstaller:1.3.1] AndroidManifest.xml:50:17-95
133-->[androidx.profileinstaller:profileinstaller:1.3.1] AndroidManifest.xml:50:25-92
134            </intent-filter>
135        </receiver>
136    </application>
137
138</manifest>